2026-02-11 12:19:04.768 +08:00 [INF] === 硬件配置信息 ===
2026-02-11 12:19:04.790 +08:00 [INF] CPU核心数: 20
2026-02-11 12:19:04.792 +08:00 [INF] 进程ID: 46752
2026-02-11 12:19:04.804 +08:00 [INF] 进程内存使用: 49 MB
2026-02-11 12:19:04.805 +08:00 [INF] .NET运行时版本: 8.0.23
2026-02-11 12:19:04.864 +08:00 [INF] GPU: 未检测到GPU加速支持
2026-02-11 12:19:04.865 +08:00 [INF] ==================
2026-02-11 12:19:04.868 +08:00 [INF] 开始预加载模型...
2026-02-11 12:19:05.061 +08:00 [INF] 加载了人脸检测模型: yolov8s-face.onnx
2026-02-11 12:19:05.228 +08:00 [INF] 加载了人脸特征提取模型: arcface.onnx
2026-02-11 12:19:05.229 +08:00 [INF] 模型预加载完成
2026-02-11 12:19:05.243 +08:00 [INF] Qdrant已在 127.0.0.1:6334 运行，跳过内置启动。
2026-02-11 12:19:05.936 +08:00 [INF] 预加载人脸检测和特征提取模型...
2026-02-11 12:19:06.178 +08:00 [INF] 模型加载完成，开始处理任务...
2026-02-11 12:19:06.179 +08:00 [INF] 系统启动中，等待2秒后开始处理任务...
2026-02-11 12:19:08.193 +08:00 [INF] 开始监听FTP目录：res/ftp，轮询间隔：1000ms，工作线程：10，队列容量：500
2026-02-11 12:19:08.205 +08:00 [INF] 此轮处理2张图片
2026-02-11 12:19:09.423 +08:00 [INF] 开始人脸检测，图像尺寸：1920x1080
2026-02-11 12:19:09.423 +08:00 [INF] 开始人脸检测，图像尺寸：86x86
2026-02-11 12:19:09.445 +08:00 [INF] Mat创建成功，尺寸：86x86
2026-02-11 12:19:09.457 +08:00 [INF] Blob创建成功，准备前向推理
2026-02-11 12:19:09.796 +08:00 [INF] 前向推理成功，输出尺寸：{Width=-1, Height=-1}
2026-02-11 12:19:09.801 +08:00 [INF] 解析检测结果，原始检测数：10
2026-02-11 12:19:09.805 +08:00 [INF] 应用NMS后检测数：1
2026-02-11 12:19:09.811 +08:00 [INF] Mat创建成功，尺寸：1920x1080
2026-02-11 12:19:09.816 +08:00 [INF] Blob创建成功，准备前向推理
2026-02-11 12:19:10.163 +08:00 [INF] 前向推理成功，输出尺寸：{Width=-1, Height=-1}
2026-02-11 12:19:10.165 +08:00 [INF] 解析检测结果，原始检测数：15
2026-02-11 12:19:10.166 +08:00 [INF] 应用NMS后检测数：3
2026-02-11 12:22:39.518 +08:00 [INF] === 硬件配置信息 ===
2026-02-11 12:22:39.536 +08:00 [INF] CPU核心数: 20
2026-02-11 12:22:39.537 +08:00 [INF] 进程ID: 52040
2026-02-11 12:22:39.547 +08:00 [INF] 进程内存使用: 49 MB
2026-02-11 12:22:39.548 +08:00 [INF] .NET运行时版本: 8.0.23
2026-02-11 12:22:39.602 +08:00 [INF] GPU: 未检测到GPU加速支持
2026-02-11 12:22:39.603 +08:00 [INF] ==================
2026-02-11 12:22:39.604 +08:00 [INF] 开始预加载模型...
2026-02-11 12:22:39.813 +08:00 [INF] 加载了人脸检测模型: yolov8s-face.onnx
2026-02-11 12:22:39.911 +08:00 [INF] 加载了人脸特征提取模型: arcface.onnx
2026-02-11 12:22:39.912 +08:00 [INF] 模型预加载完成
2026-02-11 12:22:39.921 +08:00 [INF] Qdrant已在 127.0.0.1:6334 运行，跳过内置启动。
2026-02-11 12:22:40.311 +08:00 [INF] 预加载人脸检测和特征提取模型...
2026-02-11 12:22:40.494 +08:00 [INF] 模型加载完成，开始处理任务...
2026-02-11 12:22:40.495 +08:00 [INF] 系统启动中，等待2秒后开始处理任务...
2026-02-11 12:22:42.501 +08:00 [INF] 开始监听FTP目录：res/ftp，轮询间隔：1000ms，工作线程：10，队列容量：500
2026-02-11 12:22:42.514 +08:00 [INF] 此轮处理2张图片
2026-02-11 12:22:43.410 +08:00 [INF] 开始人脸检测，图像尺寸：1920x1080
2026-02-11 12:22:43.410 +08:00 [INF] 开始人脸检测，图像尺寸：86x86
2026-02-11 12:22:43.421 +08:00 [INF] Mat创建成功，尺寸：86x86
2026-02-11 12:22:43.435 +08:00 [INF] Blob创建成功，准备前向推理
2026-02-11 12:22:43.723 +08:00 [INF] 前向推理成功，输出尺寸：{Width=-1, Height=-1}
2026-02-11 12:22:43.727 +08:00 [INF] 解析检测结果，原始检测数：10
2026-02-11 12:22:43.730 +08:00 [INF] 应用NMS后检测数：1
2026-02-11 12:22:43.770 +08:00 [INF] Mat创建成功，尺寸：1920x1080
2026-02-11 12:22:43.775 +08:00 [INF] Blob创建成功，准备前向推理
2026-02-11 12:22:44.062 +08:00 [INF] 前向推理成功，输出尺寸：{Width=-1, Height=-1}
2026-02-11 12:22:44.063 +08:00 [INF] 解析检测结果，原始检测数：15
2026-02-11 12:22:44.064 +08:00 [INF] 应用NMS后检测数：3
2026-02-11 12:25:01.506 +08:00 [INF] === 硬件配置信息 ===
2026-02-11 12:25:01.524 +08:00 [INF] CPU核心数: 20
2026-02-11 12:25:01.525 +08:00 [INF] 进程ID: 45928
2026-02-11 12:25:01.535 +08:00 [INF] 进程内存使用: 49 MB
2026-02-11 12:25:01.536 +08:00 [INF] .NET运行时版本: 8.0.23
2026-02-11 12:25:01.593 +08:00 [INF] GPU: 未检测到GPU加速支持
2026-02-11 12:25:01.594 +08:00 [INF] ==================
2026-02-11 12:25:01.596 +08:00 [INF] 开始预加载模型...
2026-02-11 12:25:01.768 +08:00 [INF] 加载了人脸检测模型: yolov8s-face.onnx
2026-02-11 12:25:01.897 +08:00 [INF] 加载了人脸特征提取模型: arcface.onnx
2026-02-11 12:25:01.899 +08:00 [INF] 模型预加载完成
2026-02-11 12:25:01.910 +08:00 [INF] Qdrant已在 127.0.0.1:6334 运行，跳过内置启动。
2026-02-11 12:25:02.306 +08:00 [INF] 预加载人脸检测和特征提取模型...
2026-02-11 12:25:02.499 +08:00 [INF] 模型加载完成，开始处理任务...
2026-02-11 12:25:02.500 +08:00 [INF] 系统启动中，等待2秒后开始处理任务...
2026-02-11 12:25:04.511 +08:00 [INF] 开始监听FTP目录：res/ftp，轮询间隔：1000ms，工作线程：10，队列容量：500
2026-02-11 12:25:04.522 +08:00 [INF] 此轮处理2张图片
2026-02-11 12:25:05.047 +08:00 [INF] 开始人脸检测，图像尺寸：86x86
2026-02-11 12:25:05.047 +08:00 [INF] 开始人脸检测，图像尺寸：1920x1080
2026-02-11 12:25:05.383 +08:00 [INF] 人脸检测完成，检测数：1
2026-02-11 12:25:05.794 +08:00 [INF] 人脸检测完成，检测数：3
2026-02-11 12:37:08.854 +08:00 [INF] === 硬件配置信息 ===
2026-02-11 12:37:08.872 +08:00 [INF] CPU核心数: 20
2026-02-11 12:37:08.872 +08:00 [INF] 进程ID: 25212
2026-02-11 12:37:08.891 +08:00 [INF] 进程内存使用: 49 MB
2026-02-11 12:37:08.892 +08:00 [INF] .NET运行时版本: 8.0.23
2026-02-11 12:37:08.942 +08:00 [INF] GPU: 未检测到GPU加速支持
2026-02-11 12:37:08.943 +08:00 [INF] ==================
2026-02-11 12:37:08.945 +08:00 [INF] 开始预加载模型...
2026-02-11 12:37:09.116 +08:00 [INF] 加载了人脸检测模型: yolov8s-face.onnx
2026-02-11 12:37:09.217 +08:00 [INF] 加载了人脸特征提取模型: arcface.onnx
2026-02-11 12:37:09.218 +08:00 [INF] 模型预加载完成
2026-02-11 12:37:09.227 +08:00 [INF] Qdrant已在 127.0.0.1:6334 运行，跳过内置启动。
2026-02-11 12:37:09.633 +08:00 [INF] 预加载人脸检测和特征提取模型...
2026-02-11 12:37:09.842 +08:00 [INF] 模型加载完成，开始处理任务...
2026-02-11 12:37:09.843 +08:00 [INF] 系统启动中，等待2秒后开始处理任务...
2026-02-11 12:37:11.855 +08:00 [INF] 开始监听FTP目录：res/ftp，轮询间隔：1000ms，工作线程：10，队列容量：500
2026-02-11 12:37:11.868 +08:00 [INF] 此轮处理2张图片
2026-02-11 12:37:12.733 +08:00 [INF] 开始人脸检测，图像尺寸：86x86
2026-02-11 12:37:12.734 +08:00 [INF] 开始人脸检测，图像尺寸：1920x1080
2026-02-11 12:37:13.103 +08:00 [INF] 人脸检测完成，检测数：1
2026-02-11 12:37:13.472 +08:00 [INF] 人脸检测完成，检测数：3
