2026-02-12 11:34:14.848 +08:00 [INF] === 硬件配置信息 ===
2026-02-12 11:34:14.882 +08:00 [INF] CPU核心数: 12
2026-02-12 11:34:14.883 +08:00 [INF] 进程ID: 9020
2026-02-12 11:34:14.888 +08:00 [INF] 进程内存使用: 49 MB
2026-02-12 11:34:14.888 +08:00 [INF] .NET运行时版本: 8.0.23
2026-02-12 11:34:15.009 +08:00 [INF] GPU: 未检测到GPU加速支持
2026-02-12 11:34:15.009 +08:00 [INF] ==================
2026-02-12 11:34:15.018 +08:00 [INF] 开始预加载模型...
2026-02-12 11:34:15.386 +08:00 [INF] 加载了人脸检测模型: yolov8s-face.onnx
2026-02-12 11:34:15.659 +08:00 [INF] 加载了人脸特征提取模型: arcface.onnx
2026-02-12 11:34:15.659 +08:00 [INF] 模型预加载完成
2026-02-12 11:34:18.076 +08:00 [INF] Qdrant启动完成，PID: 30372
2026-02-12 11:34:56.436 +08:00 [INF] === 硬件配置信息 ===
2026-02-12 11:34:56.459 +08:00 [INF] CPU核心数: 12
2026-02-12 11:34:56.459 +08:00 [INF] 进程ID: 3816
2026-02-12 11:34:56.464 +08:00 [INF] 进程内存使用: 49 MB
2026-02-12 11:34:56.465 +08:00 [INF] .NET运行时版本: 8.0.23
2026-02-12 11:34:56.537 +08:00 [INF] GPU: 未检测到GPU加速支持
2026-02-12 11:34:56.538 +08:00 [INF] ==================
2026-02-12 11:34:56.543 +08:00 [INF] 开始预加载模型...
2026-02-12 11:34:56.775 +08:00 [INF] 加载了人脸检测模型: yolov8s-face.onnx
2026-02-12 11:34:56.978 +08:00 [INF] 加载了人脸特征提取模型: arcface.onnx
2026-02-12 11:34:56.978 +08:00 [INF] 模型预加载完成
2026-02-12 11:34:57.005 +08:00 [INF] Qdrant已在 127.0.0.1:6334 运行，跳过内置启动。
2026-02-12 11:34:59.641 +08:00 [INF] 预加载人脸检测和特征提取模型...
2026-02-12 11:35:00.023 +08:00 [INF] 模型加载完成，开始处理任务...
2026-02-12 11:35:00.024 +08:00 [INF] 系统启动中，等待2秒后开始处理任务...
2026-02-12 11:35:02.041 +08:00 [INF] 开始监听FTP目录：res/ftp，轮询间隔：1000ms，工作线程：10，队列容量：500
2026-02-12 11:35:02.085 +08:00 [INF] 此轮处理4张图片
2026-02-12 11:35:02.140 +08:00 [INF] 开始人脸检测，图像尺寸：86x86
2026-02-12 11:35:03.432 +08:00 [INF] 开始人脸检测，图像尺寸：86x86
2026-02-12 11:35:03.492 +08:00 [INF] 开始人脸检测，图像尺寸：1920x1080
2026-02-12 11:35:03.553 +08:00 [INF] 开始人脸检测，图像尺寸：1920x1080
2026-02-12 11:35:04.536 +08:00 [INF] 人脸检测完成，检测数：1
2026-02-12 11:35:04.857 +08:00 [INF] 人脸向量缓存更新完成，缓存数量: 1
2026-02-12 11:35:05.082 +08:00 [INF] 人脸检测完成，检测数：1
2026-02-12 11:35:05.344 +08:00 [INF] 人脸检测完成，检测数：3
2026-02-12 11:35:05.367 +08:00 [INF] 人脸检测完成，检测数：3
2026-02-12 11:36:14.859 +08:00 [INF] === 硬件配置信息 ===
2026-02-12 11:36:14.881 +08:00 [INF] CPU核心数: 12
2026-02-12 11:36:14.881 +08:00 [INF] 进程ID: 29840
2026-02-12 11:36:14.886 +08:00 [INF] 进程内存使用: 49 MB
2026-02-12 11:36:14.887 +08:00 [INF] .NET运行时版本: 8.0.23
2026-02-12 11:36:14.960 +08:00 [INF] GPU: 未检测到GPU加速支持
2026-02-12 11:36:14.960 +08:00 [INF] ==================
2026-02-12 11:36:14.966 +08:00 [INF] 开始预加载模型...
2026-02-12 11:36:15.199 +08:00 [INF] 加载了人脸检测模型: yolov8s-face.onnx
2026-02-12 11:36:15.390 +08:00 [INF] 加载了人脸特征提取模型: arcface.onnx
2026-02-12 11:36:15.390 +08:00 [INF] 模型预加载完成
2026-02-12 11:36:15.415 +08:00 [INF] Qdrant已在 127.0.0.1:6334 运行，跳过内置启动。
2026-02-12 11:36:16.553 +08:00 [INF] 预加载人脸检测和特征提取模型...
2026-02-12 11:36:16.806 +08:00 [INF] 模型加载完成，开始处理任务...
2026-02-12 11:36:16.806 +08:00 [INF] 系统启动中，等待2秒后开始处理任务...
2026-02-12 11:36:18.824 +08:00 [INF] 开始监听FTP目录：res/ftp，轮询间隔：1000ms，工作线程：10，队列容量：500
2026-02-12 11:36:18.866 +08:00 [INF] 此轮处理2张图片
2026-02-12 11:36:20.189 +08:00 [INF] 开始人脸检测，图像尺寸：86x86
2026-02-12 11:36:20.256 +08:00 [INF] 开始人脸检测，图像尺寸：1920x1080
2026-02-12 11:36:21.468 +08:00 [INF] 人脸检测完成，检测数：1
2026-02-12 11:36:21.658 +08:00 [INF] 人脸检测完成，检测数：3
2026-02-12 11:36:21.679 +08:00 [INF] 人脸向量缓存更新完成，缓存数量: 1
