2026-02-24 10:13:31.268 +08:00 [INF] === 硬件配置信息 ===
2026-02-24 10:13:31.337 +08:00 [INF] CPU核心数: 20
2026-02-24 10:13:31.338 +08:00 [INF] 进程ID: 51596
2026-02-24 10:13:31.347 +08:00 [INF] 进程内存使用: 50 MB
2026-02-24 10:13:31.348 +08:00 [INF] .NET运行时版本: 8.0.23
2026-02-24 10:13:31.488 +08:00 [INF] GPU: 未检测到GPU加速支持
2026-02-24 10:13:31.488 +08:00 [INF] ==================
2026-02-24 10:13:31.499 +08:00 [INF] 开始预加载模型...
2026-02-24 10:13:31.890 +08:00 [INF] 加载了人脸检测模型: yolov8s-face.onnx
2026-02-24 10:13:32.079 +08:00 [INF] 加载了人脸特征提取模型: arcface.onnx
2026-02-24 10:13:32.079 +08:00 [INF] 模型预加载完成
2026-02-24 10:13:34.348 +08:00 [INF] Qdrant启动完成，PID: 69672
2026-02-24 10:21:31.438 +08:00 [INF] === 硬件配置信息 ===
2026-02-24 10:21:31.456 +08:00 [INF] CPU核心数: 20
2026-02-24 10:21:31.456 +08:00 [INF] 进程ID: 49256
2026-02-24 10:21:31.463 +08:00 [INF] 进程内存使用: 50 MB
2026-02-24 10:21:31.464 +08:00 [INF] .NET运行时版本: 8.0.23
2026-02-24 10:21:31.536 +08:00 [INF] GPU: 未检测到GPU加速支持
2026-02-24 10:21:31.536 +08:00 [INF] ==================
2026-02-24 10:21:31.542 +08:00 [INF] 开始预加载模型...
2026-02-24 10:21:31.754 +08:00 [INF] 加载了人脸检测模型: yolov8s-face.onnx
2026-02-24 10:21:31.890 +08:00 [INF] 加载了人脸特征提取模型: arcface.onnx
2026-02-24 10:21:31.890 +08:00 [INF] 模型预加载完成
2026-02-24 10:21:31.916 +08:00 [INF] Qdrant已在 127.0.0.1:6334 运行，跳过内置启动。
2026-02-24 10:21:32.959 +08:00 [INF] 预加载人脸检测和特征提取模型...
2026-02-24 10:21:33.222 +08:00 [INF] 模型加载完成，开始处理任务...
2026-02-24 10:21:33.223 +08:00 [INF] 系统启动中，等待2秒后开始处理任务...
2026-02-24 10:21:35.235 +08:00 [INF] 开始监听FTP目录：res/ftp，轮询间隔：1000ms，工作线程：10，队列容量：500
2026-02-24 10:21:35.329 +08:00 [INF] 此轮处理2张图片
2026-02-24 10:21:36.458 +08:00 [INF] 开始人脸检测，图像尺寸：86x86
2026-02-24 10:21:36.458 +08:00 [INF] 开始人脸检测，图像尺寸：1920x1080
2026-02-24 10:21:37.029 +08:00 [INF] 人脸检测完成，检测数：1
2026-02-24 10:21:37.455 +08:00 [INF] 人脸检测完成，检测数：3
2026-02-24 10:35:03.925 +08:00 [INF] === 硬件配置信息 ===
2026-02-24 10:35:03.998 +08:00 [INF] CPU核心数: 20
2026-02-24 10:35:04.000 +08:00 [INF] 进程ID: 75600
2026-02-24 10:35:04.029 +08:00 [INF] 进程内存使用: 51 MB
2026-02-24 10:35:04.032 +08:00 [INF] .NET运行时版本: 8.0.23
2026-02-24 10:35:04.232 +08:00 [INF] GPU: 未检测到GPU加速支持
2026-02-24 10:35:04.235 +08:00 [INF] ==================
2026-02-24 10:35:04.242 +08:00 [INF] 开始预加载模型...
2026-02-24 10:35:05.162 +08:00 [INF] 加载了人脸检测模型: yolov8s-face.onnx
2026-02-24 10:35:07.181 +08:00 [INF] 加载了人脸特征提取模型: arcface.onnx
2026-02-24 10:35:07.190 +08:00 [INF] 模型预加载完成
2026-02-24 10:35:07.328 +08:00 [INF] Qdrant已在 127.0.0.1:6334 运行，跳过内置启动。
2026-02-24 10:35:10.419 +08:00 [INF] 预加载人脸检测和特征提取模型...
2026-02-24 10:35:12.506 +08:00 [INF] 模型加载完成，开始处理任务...
2026-02-24 10:35:12.511 +08:00 [INF] 系统启动中，等待2秒后开始处理任务...
2026-02-24 10:35:14.522 +08:00 [INF] 开始监听FTP目录：res/ftp，轮询间隔：1000ms，工作线程：10，队列容量：500
2026-02-24 10:35:14.615 +08:00 [INF] 此轮处理2张图片
2026-02-24 10:35:14.794 +08:00 [INF] 开始人脸检测，图像尺寸：1920x1080
2026-02-24 10:35:14.794 +08:00 [INF] 开始人脸检测，图像尺寸：86x86
2026-02-24 10:35:18.198 +08:00 [INF] 人脸检测完成，检测数：36
2026-02-24 10:35:18.198 +08:00 [INF] 人脸检测完成，检测数：35
2026-02-24 10:36:27.930 +08:00 [WRN] Failed to determine the https port for redirect.
2026-02-24 10:47:39.089 +08:00 [INF] === 硬件配置信息 ===
2026-02-24 10:47:39.144 +08:00 [INF] CPU核心数: 20
2026-02-24 10:47:39.144 +08:00 [INF] 进程ID: 71676
2026-02-24 10:47:39.166 +08:00 [INF] 进程内存使用: 50 MB
2026-02-24 10:47:39.167 +08:00 [INF] .NET运行时版本: 8.0.23
2026-02-24 10:47:39.368 +08:00 [INF] GPU: 未检测到GPU加速支持
2026-02-24 10:47:39.368 +08:00 [INF] ==================
2026-02-24 10:47:39.379 +08:00 [INF] 开始预加载模型...
2026-02-24 10:47:39.974 +08:00 [INF] 加载了人脸检测模型: yolov8s-face.onnx
2026-02-24 10:47:40.297 +08:00 [INF] 加载了人脸特征提取模型: arcface.onnx
2026-02-24 10:47:40.298 +08:00 [INF] 模型预加载完成
2026-02-24 10:47:40.377 +08:00 [INF] Qdrant已在 127.0.0.1:6334 运行，跳过内置启动。
2026-02-24 10:47:42.834 +08:00 [INF] 预加载人脸检测和特征提取模型...
2026-02-24 10:47:43.510 +08:00 [INF] 模型加载完成，开始处理任务...
2026-02-24 10:47:43.510 +08:00 [INF] 系统启动中，等待2秒后开始处理任务...
2026-02-24 10:47:45.517 +08:00 [INF] 开始监听FTP目录：res/ftp，轮询间隔：1000ms，工作线程：10，队列容量：500
2026-02-24 10:47:45.659 +08:00 [INF] 此轮处理2张图片
2026-02-24 10:47:45.740 +08:00 [INF] 开始人脸检测，图像尺寸：86x86
2026-02-24 10:47:46.773 +08:00 [INF] 人脸检测完成，检测数：1
2026-02-24 10:47:47.337 +08:00 [INF] 开始人脸检测，图像尺寸：1920x1080
2026-02-24 10:47:48.763 +08:00 [WRN] Failed to determine the https port for redirect.
2026-02-24 10:47:49.260 +08:00 [INF] 人脸检测完成，检测数：3
