2026-02-09 08:55:31.763 +08:00 [INF] === 硬件配置信息 ===
2026-02-09 08:55:31.808 +08:00 [INF] CPU核心数: 20
2026-02-09 08:55:31.859 +08:00 [INF] 进程ID: 3280
2026-02-09 08:55:31.869 +08:00 [INF] 进程内存使用: 50 MB
2026-02-09 08:55:31.869 +08:00 [INF] .NET运行时版本: 8.0.23
2026-02-09 08:55:32.089 +08:00 [INF] GPU: 未检测到GPU加速支持
2026-02-09 08:55:32.090 +08:00 [INF] ==================
2026-02-09 08:55:32.101 +08:00 [INF] 开始预加载模型...
2026-02-09 08:55:32.605 +08:00 [INF] 加载了人脸检测模型: yolov8s-face.onnx
2026-02-09 08:55:33.157 +08:00 [INF] 加载了人脸特征提取模型: ArcFace.onnx
2026-02-09 08:55:33.157 +08:00 [INF] 模型预加载完成
2026-02-09 08:55:50.373 +08:00 [ERR] 内置Qdrant启动失败
System.TimeoutException: Qdrant启动超时
   at FaceRecoTrackService.Utils.QdrantUtil.QdrantEmbeddedBootstrapper.EnsureStartedAsync(QdrantConfig config, ILogger logger, CancellationToken cancellationToken) in D:\work\work_space\YuanQi\GNXXA_FaZhi\FaceRecoTrackService\FaceRecoTrackService\Utils\QdrantUtil\QdrantEmbeddedBootstrapper.cs:line 70
   at Program.<Main>$(String[] args) in D:\work\work_space\YuanQi\GNXXA_FaZhi\FaceRecoTrackService\FaceRecoTrackService\Program.cs:line 150
2026-02-09 09:01:47.482 +08:00 [INF] === 硬件配置信息 ===
2026-02-09 09:01:47.521 +08:00 [INF] CPU核心数: 20
2026-02-09 09:01:47.522 +08:00 [INF] 进程ID: 39736
2026-02-09 09:01:47.531 +08:00 [INF] 进程内存使用: 50 MB
2026-02-09 09:01:47.531 +08:00 [INF] .NET运行时版本: 8.0.23
2026-02-09 09:01:47.689 +08:00 [INF] GPU: 未检测到GPU加速支持
2026-02-09 09:01:47.689 +08:00 [INF] ==================
2026-02-09 09:01:47.696 +08:00 [INF] 开始预加载模型...
2026-02-09 09:01:48.112 +08:00 [INF] 加载了人脸检测模型: yolov8s-face.onnx
2026-02-09 09:01:48.667 +08:00 [INF] 加载了人脸特征提取模型: ArcFace.onnx
2026-02-09 09:01:48.667 +08:00 [INF] 模型预加载完成
2026-02-09 09:01:50.724 +08:00 [ERR] 内置Qdrant启动失败
System.InvalidOperationException: Qdrant启动后退出，退出码: 101
   at FaceRecoTrackService.Utils.QdrantUtil.QdrantEmbeddedBootstrapper.EnsureStartedAsync(QdrantConfig config, ILogger logger, CancellationToken cancellationToken) in D:\work\work_space\YuanQi\GNXXA_FaZhi\FaceRecoTrackService\FaceRecoTrackService\Utils\QdrantUtil\QdrantEmbeddedBootstrapper.cs:line 64
   at Program.<Main>$(String[] args) in D:\work\work_space\YuanQi\GNXXA_FaZhi\FaceRecoTrackService\FaceRecoTrackService\Program.cs:line 150
2026-02-09 09:02:38.253 +08:00 [INF] === 硬件配置信息 ===
2026-02-09 09:02:38.294 +08:00 [INF] CPU核心数: 20
2026-02-09 09:02:38.294 +08:00 [INF] 进程ID: 15636
2026-02-09 09:02:38.306 +08:00 [INF] 进程内存使用: 50 MB
2026-02-09 09:02:38.306 +08:00 [INF] .NET运行时版本: 8.0.23
2026-02-09 09:02:38.512 +08:00 [INF] GPU: 未检测到GPU加速支持
2026-02-09 09:02:38.512 +08:00 [INF] ==================
2026-02-09 09:02:38.527 +08:00 [INF] 开始预加载模型...
2026-02-09 09:02:39.030 +08:00 [INF] 加载了人脸检测模型: yolov8s-face.onnx
2026-02-09 09:02:39.649 +08:00 [INF] 加载了人脸特征提取模型: ArcFace.onnx
2026-02-09 09:02:39.649 +08:00 [INF] 模型预加载完成
2026-02-09 09:02:39.693 +08:00 [INF] Qdrant已在 127.0.0.1:6334 运行，跳过内置启动。
2026-02-09 09:02:43.906 +08:00 [INF] 开始监听FTP目录：res/ftp，轮询间隔：1000ms，工作线程：10，队列容量：500
2026-02-09 09:04:00.051 +08:00 [WRN] Failed to determine the https port for redirect.
